  KMeansCluster.cpp
C:\ComputerScience\ArtificialIntelligence\KMeansAlgorithm\KMeansAlgorithm\KMeansCluster.cpp(144,12): warning C4244: 'argument': conversion from 'time_t' to 'unsigned int', possible loss of data
C:\Program Files (x86)\Microsoft Visual Studio\2019\Community\VC\Tools\MSVC\14.23.28105\include\utility(127,1): warning C4267: 'initializing': conversion from 'size_t' to '_Ty2', possible loss of data
C:\Program Files (x86)\Microsoft Visual Studio\2019\Community\VC\Tools\MSVC\14.23.28105\include\utility(127,1): warning C4267:         with
C:\Program Files (x86)\Microsoft Visual Studio\2019\Community\VC\Tools\MSVC\14.23.28105\include\utility(127,1): warning C4267:         [
C:\Program Files (x86)\Microsoft Visual Studio\2019\Community\VC\Tools\MSVC\14.23.28105\include\utility(127,1): warning C4267:             _Ty2=int
C:\Program Files (x86)\Microsoft Visual Studio\2019\Community\VC\Tools\MSVC\14.23.28105\include\utility(127,1): warning C4267:         ]
C:\Program Files (x86)\Microsoft Visual Studio\2019\Community\VC\Tools\MSVC\14.23.28105\include\xmemory(757): message : see reference to function template instantiation 'std::pair<const _Kty,_Ty>::pair<double&,size_t&,0>(_Other1,_Other2) noexcept' being compiled
C:\Program Files (x86)\Microsoft Visual Studio\2019\Community\VC\Tools\MSVC\14.23.28105\include\xmemory(757): message :         with
C:\Program Files (x86)\Microsoft Visual Studio\2019\Community\VC\Tools\MSVC\14.23.28105\include\xmemory(757): message :         [
C:\Program Files (x86)\Microsoft Visual Studio\2019\Community\VC\Tools\MSVC\14.23.28105\include\xmemory(757): message :             _Kty=double,
C:\Program Files (x86)\Microsoft Visual Studio\2019\Community\VC\Tools\MSVC\14.23.28105\include\xmemory(757): message :             _Ty=int,
C:\Program Files (x86)\Microsoft Visual Studio\2019\Community\VC\Tools\MSVC\14.23.28105\include\xmemory(757): message :             _Other1=double &,
C:\Program Files (x86)\Microsoft Visual Studio\2019\Community\VC\Tools\MSVC\14.23.28105\include\xmemory(757): message :             _Other2=size_t &
C:\Program Files (x86)\Microsoft Visual Studio\2019\Community\VC\Tools\MSVC\14.23.28105\include\xmemory(757): message :         ]
C:\Program Files (x86)\Microsoft Visual Studio\2019\Community\VC\Tools\MSVC\14.23.28105\include\xmemory(758): message : see reference to function template instantiation 'std::pair<const _Kty,_Ty>::pair<double&,size_t&,0>(_Other1,_Other2) noexcept' being compiled
C:\Program Files (x86)\Microsoft Visual Studio\2019\Community\VC\Tools\MSVC\14.23.28105\include\xmemory(758): message :         with
C:\Program Files (x86)\Microsoft Visual Studio\2019\Community\VC\Tools\MSVC\14.23.28105\include\xmemory(758): message :         [
C:\Program Files (x86)\Microsoft Visual Studio\2019\Community\VC\Tools\MSVC\14.23.28105\include\xmemory(758): message :             _Kty=double,
C:\Program Files (x86)\Microsoft Visual Studio\2019\Community\VC\Tools\MSVC\14.23.28105\include\xmemory(758): message :             _Ty=int,
C:\Program Files (x86)\Microsoft Visual Studio\2019\Community\VC\Tools\MSVC\14.23.28105\include\xmemory(758): message :             _Other1=double &,
C:\Program Files (x86)\Microsoft Visual Studio\2019\Community\VC\Tools\MSVC\14.23.28105\include\xmemory(758): message :             _Other2=size_t &
C:\Program Files (x86)\Microsoft Visual Studio\2019\Community\VC\Tools\MSVC\14.23.28105\include\xmemory(758): message :         ]
C:\Program Files (x86)\Microsoft Visual Studio\2019\Community\VC\Tools\MSVC\14.23.28105\include\list(539): message : see reference to function template instantiation 'void std::_Default_allocator_traits<_Alloc>::construct<_Ty,double&,size_t&>(_Alloc &,_Objty *const ,double &,size_t &)' being compiled
C:\Program Files (x86)\Microsoft Visual Studio\2019\Community\VC\Tools\MSVC\14.23.28105\include\list(539): message :         with
C:\Program Files (x86)\Microsoft Visual Studio\2019\Community\VC\Tools\MSVC\14.23.28105\include\list(539): message :         [
C:\Program Files (x86)\Microsoft Visual Studio\2019\Community\VC\Tools\MSVC\14.23.28105\include\list(539): message :             _Alloc=std::allocator<std::_List_node<std::pair<const double,int>,std::_Default_allocator_traits<std::allocator<std::pair<const double,int>>>::void_pointer>>,
C:\Program Files (x86)\Microsoft Visual Studio\2019\Community\VC\Tools\MSVC\14.23.28105\include\list(539): message :             _Ty=std::pair<const double,int>,
C:\Program Files (x86)\Microsoft Visual Studio\2019\Community\VC\Tools\MSVC\14.23.28105\include\list(539): message :             _Objty=std::pair<const double,int>
C:\Program Files (x86)\Microsoft Visual Studio\2019\Community\VC\Tools\MSVC\14.23.28105\include\list(539): message :         ]
C:\Program Files (x86)\Microsoft Visual Studio\2019\Community\VC\Tools\MSVC\14.23.28105\include\list(541): message : see reference to function template instantiation 'void std::_Default_allocator_traits<_Alloc>::construct<_Ty,double&,size_t&>(_Alloc &,_Objty *const ,double &,size_t &)' being compiled
C:\Program Files (x86)\Microsoft Visual Studio\2019\Community\VC\Tools\MSVC\14.23.28105\include\list(541): message :         with
C:\Program Files (x86)\Microsoft Visual Studio\2019\Community\VC\Tools\MSVC\14.23.28105\include\list(541): message :         [
C:\Program Files (x86)\Microsoft Visual Studio\2019\Community\VC\Tools\MSVC\14.23.28105\include\list(541): message :             _Alloc=std::allocator<std::_List_node<std::pair<const double,int>,std::_Default_allocator_traits<std::allocator<std::pair<const double,int>>>::void_pointer>>,
C:\Program Files (x86)\Microsoft Visual Studio\2019\Community\VC\Tools\MSVC\14.23.28105\include\list(541): message :             _Ty=std::pair<const double,int>,
C:\Program Files (x86)\Microsoft Visual Studio\2019\Community\VC\Tools\MSVC\14.23.28105\include\list(541): message :             _Objty=std::pair<const double,int>
C:\Program Files (x86)\Microsoft Visual Studio\2019\Community\VC\Tools\MSVC\14.23.28105\include\list(541): message :         ]
C:\Program Files (x86)\Microsoft Visual Studio\2019\Community\VC\Tools\MSVC\14.23.28105\include\xhash(596): message : see reference to function template instantiation 'std::_List_node_emplace_op2<std::allocator<std::_List_node<_Ty,std::_Default_allocator_traits<_Alloc>::void_pointer>>>::_List_node_emplace_op2<double&,size_t&>(_Alnode &,double &,size_t &)' being compiled
C:\Program Files (x86)\Microsoft Visual Studio\2019\Community\VC\Tools\MSVC\14.23.28105\include\xhash(596): message :         with
C:\Program Files (x86)\Microsoft Visual Studio\2019\Community\VC\Tools\MSVC\14.23.28105\include\xhash(596): message :         [
C:\Program Files (x86)\Microsoft Visual Studio\2019\Community\VC\Tools\MSVC\14.23.28105\include\xhash(596): message :             _Ty=std::pair<const double,int>,
C:\Program Files (x86)\Microsoft Visual Studio\2019\Community\VC\Tools\MSVC\14.23.28105\include\xhash(596): message :             _Alloc=std::allocator<std::pair<const double,int>>,
C:\Program Files (x86)\Microsoft Visual Studio\2019\Community\VC\Tools\MSVC\14.23.28105\include\xhash(596): message :             _Alnode=std::allocator<std::_List_node<std::pair<const double,int>,std::_Default_allocator_traits<std::allocator<std::pair<const double,int>>>::void_pointer>>
C:\Program Files (x86)\Microsoft Visual Studio\2019\Community\VC\Tools\MSVC\14.23.28105\include\xhash(596): message :         ]
C:\Program Files (x86)\Microsoft Visual Studio\2019\Community\VC\Tools\MSVC\14.23.28105\include\xhash(620): message : see reference to function template instantiation 'std::_List_node_emplace_op2<std::allocator<std::_List_node<_Ty,std::_Default_allocator_traits<_Alloc>::void_pointer>>>::_List_node_emplace_op2<double&,size_t&>(_Alnode &,double &,size_t &)' being compiled
C:\Program Files (x86)\Microsoft Visual Studio\2019\Community\VC\Tools\MSVC\14.23.28105\include\xhash(620): message :         with
C:\Program Files (x86)\Microsoft Visual Studio\2019\Community\VC\Tools\MSVC\14.23.28105\include\xhash(620): message :         [
C:\Program Files (x86)\Microsoft Visual Studio\2019\Community\VC\Tools\MSVC\14.23.28105\include\xhash(620): message :             _Ty=std::pair<const double,int>,
C:\Program Files (x86)\Microsoft Visual Studio\2019\Community\VC\Tools\MSVC\14.23.28105\include\xhash(620): message :             _Alloc=std::allocator<std::pair<const double,int>>,
C:\Program Files (x86)\Microsoft Visual Studio\2019\Community\VC\Tools\MSVC\14.23.28105\include\xhash(620): message :             _Alnode=std::allocator<std::_List_node<std::pair<const double,int>,std::_Default_allocator_traits<std::allocator<std::pair<const double,int>>>::void_pointer>>
C:\Program Files (x86)\Microsoft Visual Studio\2019\Community\VC\Tools\MSVC\14.23.28105\include\xhash(620): message :         ]
C:\ComputerScience\ArtificialIntelligence\KMeansAlgorithm\KMeansAlgorithm\KMeansCluster.cpp(205): message : see reference to function template instantiation 'std::pair<std::_List_iterator<std::_List_val<std::_List_simple_types<_Ty>>>,bool> std::_Hash<std::_Umap_traits<_Kty,int,std::_Uhash_compare<_Kty,_Hasher,_Keyeq>,_Alloc,false>>::emplace<double&,size_t&>(double &,size_t &)' being compiled
C:\ComputerScience\ArtificialIntelligence\KMeansAlgorithm\KMeansAlgorithm\KMeansCluster.cpp(205): message :         with
C:\ComputerScience\ArtificialIntelligence\KMeansAlgorithm\KMeansAlgorithm\KMeansCluster.cpp(205): message :         [
C:\ComputerScience\ArtificialIntelligence\KMeansAlgorithm\KMeansAlgorithm\KMeansCluster.cpp(205): message :             _Ty=std::pair<const double,int>,
C:\ComputerScience\ArtificialIntelligence\KMeansAlgorithm\KMeansAlgorithm\KMeansCluster.cpp(205): message :             _Kty=double,
C:\ComputerScience\ArtificialIntelligence\KMeansAlgorithm\KMeansAlgorithm\KMeansCluster.cpp(205): message :             _Hasher=std::hash<double>,
C:\ComputerScience\ArtificialIntelligence\KMeansAlgorithm\KMeansAlgorithm\KMeansCluster.cpp(205): message :             _Keyeq=std::equal_to<double>,
C:\ComputerScience\ArtificialIntelligence\KMeansAlgorithm\KMeansAlgorithm\KMeansCluster.cpp(205): message :             _Alloc=std::allocator<std::pair<const double,int>>
C:\ComputerScience\ArtificialIntelligence\KMeansAlgorithm\KMeansAlgorithm\KMeansCluster.cpp(205): message :         ]
C:\ComputerScience\ArtificialIntelligence\KMeansAlgorithm\KMeansAlgorithm\KMeansCluster.cpp(205): message : see reference to function template instantiation 'std::pair<std::_List_iterator<std::_List_val<std::_List_simple_types<_Ty>>>,bool> std::_Hash<std::_Umap_traits<_Kty,int,std::_Uhash_compare<_Kty,_Hasher,_Keyeq>,_Alloc,false>>::emplace<double&,size_t&>(double &,size_t &)' being compiled
C:\ComputerScience\ArtificialIntelligence\KMeansAlgorithm\KMeansAlgorithm\KMeansCluster.cpp(205): message :         with
C:\ComputerScience\ArtificialIntelligence\KMeansAlgorithm\KMeansAlgorithm\KMeansCluster.cpp(205): message :         [
C:\ComputerScience\ArtificialIntelligence\KMeansAlgorithm\KMeansAlgorithm\KMeansCluster.cpp(205): message :             _Ty=std::pair<const double,int>,
C:\ComputerScience\ArtificialIntelligence\KMeansAlgorithm\KMeansAlgorithm\KMeansCluster.cpp(205): message :             _Kty=double,
C:\ComputerScience\ArtificialIntelligence\KMeansAlgorithm\KMeansAlgorithm\KMeansCluster.cpp(205): message :             _Hasher=std::hash<double>,
C:\ComputerScience\ArtificialIntelligence\KMeansAlgorithm\KMeansAlgorithm\KMeansCluster.cpp(205): message :             _Keyeq=std::equal_to<double>,
C:\ComputerScience\ArtificialIntelligence\KMeansAlgorithm\KMeansAlgorithm\KMeansCluster.cpp(205): message :             _Alloc=std::allocator<std::pair<const double,int>>
C:\ComputerScience\ArtificialIntelligence\KMeansAlgorithm\KMeansAlgorithm\KMeansCluster.cpp(205): message :         ]
  KMeansAlgorithm.vcxproj -> C:\ComputerScience\ArtificialIntelligence\KMeansAlgorithm\x64\Debug\KMeansAlgorithm.exe
